<?xml version="1.0" encoding="UTF-8"?>
<!-- Generated by org.testng.reporters.JUnitXMLReporter -->
<testsuite hostname="Tanya-Laptop" name="Test1" tests="4" failures="0" timestamp="12 Jul 2015 18:14:14 GMT" time="7.261" errors="0">
  <testcase name="testLogin" time="0.921" classname="ru.st.selenium.Login"/>
  <testcase name="testAddFilm" time="1.699" classname="ru.st.selenium.AddFilm"/>
  <testcase name="testRemoveFilm" time="0.22" classname="ru.st.selenium.RemoveFilm"/>
  <testcase name="testLogout" time="0.46" classname="ru.st.selenium.Logout"/>
</testsuite> <!-- Test1 -->
