<?xml version="1.0" encoding="UTF-8"?>
<!-- Generated by org.testng.reporters.JUnitXMLReporter -->
<testsuite hostname="Tanya-Laptop" name="Test1" tests="4" failures="0" timestamp="12 Jul 2015 19:18:16 GMT" time="8.23" errors="0">
  <testcase name="testLogin" time="1.122" classname="ru.st.selenium.Login"/>
  <testcase name="testAddFilm" time="1.747" classname="ru.st.selenium.AddFilm"/>
  <testcase name="testRemoveFilm" time="0.214" classname="ru.st.selenium.RemoveFilm"/>
  <testcase name="testLogout" time="0.547" classname="ru.st.selenium.Logout"/>
</testsuite> <!-- Test1 -->
