<?xml version="1.0" encoding="UTF-8"?>
<testng-results skipped="0" failed="0" total="4" passed="4">
  <reporter-output>
  </reporter-output>
  <suite name="Tests" duration-ms="7261" started-at="2015-07-12T18:14:06Z" finished-at="2015-07-12T18:14:14Z">
    <groups>
    </groups>
    <test name="Test1" duration-ms="7261" started-at="2015-07-12T18:14:06Z" finished-at="2015-07-12T18:14:14Z">
      <class name="ru.st.selenium.AddFilm">
        <test-method status="PASS" signature="init()[pri:0, instance:ru.st.selenium.AddFilm@340f438e]" name="init" is-config="true" duration-ms="200" started-at="2015-07-12T21:14:11Z" finished-at="2015-07-12T21:14:11Z">
          <reporter-output>
          </reporter-output>
        </test-method> <!-- init -->
        <test-method status="PASS" signature="testAddFilm()[pri:0, instance:ru.st.selenium.AddFilm@340f438e]" name="testAddFilm" duration-ms="1699" started-at="2015-07-12T21:14:11Z" finished-at="2015-07-12T21:14:13Z">
          <reporter-output>
          </reporter-output>
        </test-method> <!-- testAddFilm -->
        <test-method status="PASS" signature="tearDown()[pri:0, instance:ru.st.selenium.AddFilm@340f438e]" name="tearDown" is-config="true" duration-ms="440" started-at="2015-07-12T21:14:14Z" finished-at="2015-07-12T21:14:14Z">
          <reporter-output>
          </reporter-output>
        </test-method> <!-- tearDown -->
      </class> <!-- ru.st.selenium.AddFilm -->
      <class name="ru.st.selenium.Logout">
        <test-method status="PASS" signature="init()[pri:0, instance:ru.st.selenium.Logout@67b64c45]" name="init" is-config="true" duration-ms="400" started-at="2015-07-12T21:14:13Z" finished-at="2015-07-12T21:14:13Z">
          <reporter-output>
          </reporter-output>
        </test-method> <!-- init -->
        <test-method status="PASS" signature="testLogout()[pri:0, instance:ru.st.selenium.Logout@67b64c45]" name="testLogout" duration-ms="460" started-at="2015-07-12T21:14:13Z" finished-at="2015-07-12T21:14:14Z">
          <reporter-output>
          </reporter-output>
        </test-method> <!-- testLogout -->
      </class> <!-- ru.st.selenium.Logout -->
      <class name="ru.st.selenium.Login">
        <test-method status="PASS" signature="init()[pri:0, instance:ru.st.selenium.Login@3796751b]" name="init" is-config="true" duration-ms="3331" started-at="2015-07-12T21:14:06Z" finished-at="2015-07-12T21:14:10Z">
          <reporter-output>
          </reporter-output>
        </test-method> <!-- init -->
        <test-method status="PASS" signature="testLogin()[pri:0, instance:ru.st.selenium.Login@3796751b]" name="testLogin" duration-ms="921" started-at="2015-07-12T21:14:10Z" finished-at="2015-07-12T21:14:11Z">
          <reporter-output>
          </reporter-output>
        </test-method> <!-- testLogin -->
      </class> <!-- ru.st.selenium.Login -->
      <class name="ru.st.selenium.RemoveFilm">
        <test-method status="PASS" signature="init()[pri:0, instance:ru.st.selenium.RemoveFilm@4411d970]" name="init" is-config="true" duration-ms="30" started-at="2015-07-12T21:14:13Z" finished-at="2015-07-12T21:14:13Z">
          <reporter-output>
          </reporter-output>
        </test-method> <!-- init -->
        <test-method status="PASS" signature="testRemoveFilm()[pri:0, instance:ru.st.selenium.RemoveFilm@4411d970]" name="testRemoveFilm" duration-ms="220" started-at="2015-07-12T21:14:13Z" finished-at="2015-07-12T21:14:13Z">
          <reporter-output>
          </reporter-output>
        </test-method> <!-- testRemoveFilm -->
      </class> <!-- ru.st.selenium.RemoveFilm -->
    </test> <!-- Test1 -->
  </suite> <!-- Tests -->
</testng-results>
