<?xml version="1.0" encoding="UTF-8"?>
<testng-results skipped="0" failed="0" total="4" passed="4">
  <reporter-output>
  </reporter-output>
  <suite name="Tests" duration-ms="8230" started-at="2015-07-12T19:18:07Z" finished-at="2015-07-12T19:18:16Z">
    <groups>
    </groups>
    <test name="Test1" duration-ms="8230" started-at="2015-07-12T19:18:07Z" finished-at="2015-07-12T19:18:16Z">
      <class name="ru.st.selenium.AddFilm">
        <test-method status="PASS" signature="init()[pri:0, instance:ru.st.selenium.AddFilm@340f438e]" name="init" is-config="true" duration-ms="199" started-at="2015-07-12T22:18:13Z" finished-at="2015-07-12T22:18:13Z">
          <reporter-output>
          </reporter-output>
        </test-method> <!-- init -->
        <test-method status="PASS" signature="testAddFilm()[pri:0, instance:ru.st.selenium.AddFilm@340f438e]" name="testAddFilm" duration-ms="1747" started-at="2015-07-12T22:18:13Z" finished-at="2015-07-12T22:18:14Z">
          <reporter-output>
          </reporter-output>
        </test-method> <!-- testAddFilm -->
        <test-method status="PASS" signature="tearDown()[pri:0, instance:ru.st.selenium.AddFilm@340f438e]" name="tearDown" is-config="true" duration-ms="473" started-at="2015-07-12T22:18:16Z" finished-at="2015-07-12T22:18:16Z">
          <reporter-output>
          </reporter-output>
        </test-method> <!-- tearDown -->
      </class> <!-- ru.st.selenium.AddFilm -->
      <class name="ru.st.selenium.Logout">
        <test-method status="PASS" signature="init()[pri:0, instance:ru.st.selenium.Logout@67b64c45]" name="init" is-config="true" duration-ms="405" started-at="2015-07-12T22:18:15Z" finished-at="2015-07-12T22:18:15Z">
          <reporter-output>
          </reporter-output>
        </test-method> <!-- init -->
        <test-method status="PASS" signature="testLogout()[pri:0, instance:ru.st.selenium.Logout@67b64c45]" name="testLogout" duration-ms="547" started-at="2015-07-12T22:18:15Z" finished-at="2015-07-12T22:18:16Z">
          <reporter-output>
          </reporter-output>
        </test-method> <!-- testLogout -->
      </class> <!-- ru.st.selenium.Logout -->
      <class name="ru.st.selenium.Login">
        <test-method status="PASS" signature="init()[pri:0, instance:ru.st.selenium.Login@3796751b]" name="init" is-config="true" duration-ms="3957" started-at="2015-07-12T22:18:07Z" finished-at="2015-07-12T22:18:11Z">
          <reporter-output>
          </reporter-output>
        </test-method> <!-- init -->
        <test-method status="PASS" signature="testLogin()[pri:0, instance:ru.st.selenium.Login@3796751b]" name="testLogin" duration-ms="1122" started-at="2015-07-12T22:18:11Z" finished-at="2015-07-12T22:18:13Z">
          <reporter-output>
          </reporter-output>
        </test-method> <!-- testLogin -->
      </class> <!-- ru.st.selenium.Login -->
      <class name="ru.st.selenium.RemoveFilm">
        <test-method status="PASS" signature="init()[pri:0, instance:ru.st.selenium.RemoveFilm@4411d970]" name="init" is-config="true" duration-ms="29" started-at="2015-07-12T22:18:14Z" finished-at="2015-07-12T22:18:15Z">
          <reporter-output>
          </reporter-output>
        </test-method> <!-- init -->
        <test-method status="PASS" signature="testRemoveFilm()[pri:0, instance:ru.st.selenium.RemoveFilm@4411d970]" name="testRemoveFilm" duration-ms="214" started-at="2015-07-12T22:18:15Z" finished-at="2015-07-12T22:18:15Z">
          <reporter-output>
          </reporter-output>
        </test-method> <!-- testRemoveFilm -->
      </class> <!-- ru.st.selenium.RemoveFilm -->
    </test> <!-- Test1 -->
  </suite> <!-- Tests -->
</testng-results>
